[INFO] Scanning for projects...
[INFO] 
[INFO] -------------------------< ma.ens:springbash >--------------------------
[INFO] Building  0.0.1-SNAPSHOT
[INFO]   from pom.xml
[INFO] --------------------------------[ jar ]---------------------------------
[INFO] 
[INFO] >>> spring-boot:4.0.6:run (default-cli) > test-compile @ springbash >>>
[INFO] 
[INFO] --- resources:3.3.1:resources (default-resources) @ springbash ---
[INFO] Copying 1 resource from src\main\resources to target\classes
[INFO] Copying 0 resource from src\main\resources to target\classes
[INFO] 
[INFO] --- compiler:3.14.1:compile (default-compile) @ springbash ---
[INFO] Nothing to compile - all classes are up to date.
[INFO] 
[INFO] --- resources:3.3.1:testResources (default-testResources) @ springbash ---
[INFO] skip non existing resourceDirectory C:\Users\ilima\eclipse-workspace\springbash\src\test\resources
[INFO] 
[INFO] --- compiler:3.14.1:testCompile (default-testCompile) @ springbash ---
[INFO] Recompiling the module because of changed source code.
[INFO] Compiling 1 source file with javac [debug parameters release 21] to target\test-classes
[INFO] 
[INFO] <<< spring-boot:4.0.6:run (default-cli) < test-compile @ springbash <<<
[INFO] 
[INFO] 
[INFO] --- spring-boot:4.0.6:run (default-cli) @ springbash ---
[INFO] Attaching agents: []

  .   ____          _            __ _ _
 /\\ / ___'_ __ _ _(_)_ __  __ _ \ \ \ \
( ( )\___ | '_ | '_| | '_ \/ _` | \ \ \ \
 \\/  ___)| |_)| | | | | || (_| |  ) ) ) )
  '  |____| .__|_| |_|_| |_\__, | / / / /
 =========|_|==============|___/=/_/_/_/

 :: Spring Boot ::                (v4.0.6)

2026-05-23T12:59:52.534+01:00  INFO 16928 --- [springbash] [           main] m.ens.springbash.SpringbashApplication   : Starting SpringbashApplication using Java 21.0.9 with PID 16928 (C:\Users\ilima\eclipse-workspace\springbash\target\classes started by ilima in C:\Users\ilima\eclipse-workspace\springbash)
2026-05-23T12:59:52.540+01:00  INFO 16928 --- [springbash] [           main] m.ens.springbash.SpringbashApplication   : No active profile set, falling back to 1 default profile: "default"
2026-05-23T12:59:53.139+01:00  INFO 16928 --- [springbash] [           main] .s.d.r.c.RepositoryConfigurationDelegate : Bootstrapping Spring Data JPA repositories in DEFAULT mode.
2026-05-23T12:59:53.188+01:00  INFO 16928 --- [springbash] [           main] .s.d.r.c.RepositoryConfigurationDelegate : Finished Spring Data repository scanning in 41 ms. Found 1 JPA repository interface.
2026-05-23T12:59:53.613+01:00  INFO 16928 --- [springbash] [           main] o.s.boot.tomcat.TomcatWebServer          : Tomcat initialized with port 8085 (http)
2026-05-23T12:59:53.628+01:00  INFO 16928 --- [springbash] [           main] o.apache.catalina.core.StandardService   : Starting service [Tomcat]
2026-05-23T12:59:53.628+01:00  INFO 16928 --- [springbash] [           main] o.apache.catalina.core.StandardEngine    : Starting Servlet engine: [Apache Tomcat/11.0.21]
2026-05-23T12:59:53.677+01:00  INFO 16928 --- [springbash] [           main] b.w.c.s.WebApplicationContextInitializer : Root WebApplicationContext: initialization completed in 1090 ms
2026-05-23T12:59:53.834+01:00  INFO 16928 --- [springbash] [           main] org.hibernate.orm.jpa                    : HHH008540: Processing PersistenceUnitInfo [name: default]
2026-05-23T12:59:53.894+01:00  INFO 16928 --- [springbash] [           main] org.hibernate.orm.core                   : HHH000001: Hibernate ORM core version 7.2.12.Final
2026-05-23T12:59:54.344+01:00  INFO 16928 --- [springbash] [           main] o.s.o.j.p.SpringPersistenceUnitInfo      : No LoadTimeWeaver setup: ignoring JPA class transformer
2026-05-23T12:59:54.379+01:00  INFO 16928 --- [springbash] [           main] com.zaxxer.hikari.HikariDataSource       : HikariPool-1 - Starting...
2026-05-23T12:59:54.631+01:00  INFO 16928 --- [springbash] [           main] com.zaxxer.hikari.pool.HikariPool        : HikariPool-1 - Added connection conn0: url=jdbc:h2:mem:testdb user=SA
2026-05-23T12:59:54.634+01:00  INFO 16928 --- [springbash] [           main] com.zaxxer.hikari.HikariDataSource       : HikariPool-1 - Start completed.
2026-05-23T12:59:54.724+01:00  INFO 16928 --- [springbash] [           main] org.hibernate.orm.connections.pooling    : HHH10001005: Database info:
	Database JDBC URL [jdbc:h2:mem:testdb]
	Database driver: H2 JDBC Driver
	Database dialect: H2Dialect
	Database version: 2.4.240
	Default catalog/schema: TESTDB/PUBLIC
	Autocommit mode: undefined/unknown
	Isolation level: READ_COMMITTED [default READ_COMMITTED]
	JDBC fetch size: 100
	Pool: DataSourceConnectionProvider
	Minimum pool size: undefined/unknown
	Maximum pool size: undefined/unknown
2026-05-23T12:59:55.659+01:00  INFO 16928 --- [springbash] [           main] org.hibernate.orm.core                   : HHH000489: No JTA platform available (set 'hibernate.transaction.jta.platform' to enable JTA platform integration)
Hibernate: 
    drop table if exists etudiants cascade 
Hibernate: 
    create table etudiants (
        id bigint generated by default as identity,
        email varchar(255) not null unique,
        filiere varchar(255),
        nom varchar(255) not null,
        prenom varchar(255) not null,
        primary key (id)
    )
2026-05-23T12:59:55.700+01:00  INFO 16928 --- [springbash] [           main] j.LocalContainerEntityManagerFactoryBean : Initialized JPA EntityManagerFactory for persistence unit 'default'
2026-05-23T12:59:55.777+01:00  INFO 16928 --- [springbash] [           main] o.s.d.j.r.query.QueryEnhancerFactories   : Hibernate is in classpath; If applicable, HQL parser will be used.
2026-05-23T12:59:55.957+01:00  WARN 16928 --- [springbash] [           main] JpaBaseConfiguration$JpaWebConfiguration : spring.jpa.open-in-view is enabled by default. Therefore, database queries may be performed during view rendering. Explicitly configure spring.jpa.open-in-view to disable this warning
2026-05-23T12:59:56.206+01:00  INFO 16928 --- [springbash] [           main] o.s.b.h.a.H2ConsoleAutoConfiguration     : H2 console available at '/h2-console'. Database available at 'jdbc:h2:mem:testdb'
2026-05-23T12:59:56.261+01:00  INFO 16928 --- [springbash] [           main] o.s.boot.tomcat.TomcatWebServer          : Tomcat started on port 8085 (http) with context path '/'
2026-05-23T12:59:56.265+01:00  INFO 16928 --- [springbash] [           main] m.ens.springbash.SpringbashApplication   : Started SpringbashApplication in 4.177 seconds (process running for 4.57)
2026-05-23T12:59:56.268+01:00  INFO 16928 --- [springbash] [           main] ma.ens.springbash.DataInitializer        : === Initialisation des données de test ===
Hibernate: 
    insert 
    into
        etudiants
        (email, filiere, nom, prenom, id) 
    values
        (?, ?, ?, ?, default)
Hibernate: 
    insert 
    into
        etudiants
        (email, filiere, nom, prenom, id) 
    values
        (?, ?, ?, ?, default)
Hibernate: 
    insert 
    into
        etudiants
        (email, filiere, nom, prenom, id) 
    values
        (?, ?, ?, ?, default)
Hibernate: 
    insert 
    into
        etudiants
        (email, filiere, nom, prenom, id) 
    values
        (?, ?, ?, ?, default)
Hibernate: 
    select
        count(*) 
    from
        etudiants e1_0
2026-05-23T12:59:56.673+01:00  INFO 16928 --- [springbash] [           main] ma.ens.springbash.DataInitializer        : === 4 étudiants insérés ===
2026-05-23T13:00:25.429+01:00  INFO 16928 --- [springbash] [nio-8085-exec-1] o.a.c.c.C.[Tomcat].[localhost].[/]       : Initializing Spring DispatcherServlet 'dispatcherServlet'
2026-05-23T13:00:25.429+01:00  INFO 16928 --- [springbash] [nio-8085-exec-1] o.s.web.servlet.DispatcherServlet        : Initializing Servlet 'dispatcherServlet'
2026-05-23T13:00:25.430+01:00  INFO 16928 --- [springbash] [nio-8085-exec-1] o.s.web.servlet.DispatcherServlet        : Completed initialization in 1 ms
2026-05-23T13:00:26.064+01:00  INFO 16928 --- [springbash] [nio-8085-exec-3] m.e.springbash.service.EtudiantService   : Récupération de tous les étudiants
Hibernate: 
    select
        e1_0.id,
        e1_0.email,
        e1_0.filiere,
        e1_0.nom,
        e1_0.prenom 
    from
        etudiants e1_0
2026-05-23T13:00:38.263+01:00  INFO 16928 --- [springbash] [nio-8085-exec-9] m.e.springbash.service.EtudiantService   : Récupération de tous les étudiants
Hibernate: 
    select
        e1_0.id,
        e1_0.email,
        e1_0.filiere,
        e1_0.nom,
        e1_0.prenom 
    from
        etudiants e1_0
2026-05-23T13:00:56.217+01:00  INFO 16928 --- [springbash] [nio-8085-exec-7] m.e.springbash.service.EtudiantService   : Récupération de tous les étudiants
Hibernate: 
    select
        e1_0.id,
        e1_0.email,
        e1_0.filiere,
        e1_0.nom,
        e1_0.prenom 
    from
        etudiants e1_0
Hibernate: 
    select
        e1_0.id,
        e1_0.email,
        e1_0.filiere,
        e1_0.nom,
        e1_0.prenom 
    from
        etudiants e1_0 
    where
        e1_0.id=?
[INFO] ------------------------------------------------------------------------
[INFO] BUILD FAILURE
[INFO] ------------------------------------------------------------------------
[INFO] Total time:  06:21 min
[INFO] Finished at: 2026-05-23T13:06:09+01:00
[INFO] ------------------------------------------------------------------------
[ERROR] Failed to execute goal org.springframework.boot:spring-boot-maven-plugin:4.0.6:run (default-cli) on project springbash: Process terminated with exit code: 143 -> [Help 1]
[ERROR] 
[ERROR] To see the full stack trace of the errors, re-run Maven with the -e switch.
[ERROR] Re-run Maven using the -X switch to enable full debug logging.
[ERROR] 
[ERROR] For more information about the errors and possible solutions, please read the following articles:
[ERROR] [Help 1] http://cwiki.apache.org/confluence/display/MAVEN/MojoExecutionException
